<!DOCTYPE html>
<html>
<head>
<meta http-equiv="Content-Type" content="text/html; charset=utf-8"/>
<meta http-equiv="x-ua-compatible" content="IE=edge"/>
<title>Test results - Class registro en la pagina de Parkeatec</title>
<link href="../css/base-style.css" rel="stylesheet" type="text/css"/>
<link href="../css/style.css" rel="stylesheet" type="text/css"/>
<script src="../js/report.js" type="text/javascript"></script>
</head>
<body>
<div id="content">
<h1>Class registro en la pagina de Parkeatec</h1>
<div class="breadcrumbs">
<a href="../index.html">all</a> &gt; 
<a href="../packages/default-package.html">default-package</a> &gt; registro en la pagina de Parkeatec</div>
<div id="summary">
<table>
<tr>
<td>
<div class="summaryGroup">
<table>
<tr>
<td>
<div class="infoBox" id="tests">
<div class="counter">1</div>
<p>tests</p>
</div>
</td>
<td>
<div class="infoBox" id="failures">
<div class="counter">1</div>
<p>failures</p>
</div>
</td>
<td>
<div class="infoBox" id="ignored">
<div class="counter">0</div>
<p>ignored</p>
</div>
</td>
<td>
<div class="infoBox" id="duration">
<div class="counter">26.885s</div>
<p>duration</p>
</div>
</td>
</tr>
</table>
</div>
</td>
<td>
<div class="infoBox failures" id="successRate">
<div class="percent">0%</div>
<p>successful</p>
</div>
</td>
</tr>
</table>
</div>
<div id="tabs">
<ul class="tabLinks">
<li>
<a href="#tab0">Failed tests</a>
</li>
<li>
<a href="#tab1">Tests</a>
</li>
<li>
<a href="#tab2">Standard output</a>
</li>
<li>
<a href="#tab3">Standard error</a>
</li>
</ul>
<div id="tab0" class="tab">
<h2>Failed tests</h2>
<div class="test">
<a name="registrar de manera exitosa la informacion en la pagina de Parkeatec"></a>
<h3 class="failures">registrar de manera exitosa la informacion en la pagina de Parkeatec</h3>
<span class="code">
<pre>java.lang.AssertionError: Expected validacion registro
Expected: is &lt;true&gt;
     but: was &lt;false&gt;
	at net.serenitybdd.screenplay.ErrorTally.throwSummaryExceptionFrom(ErrorTally.java:36)
	at net.serenitybdd.screenplay.ErrorTally.reportAnyErrors(ErrorTally.java:30)
	at net.serenitybdd.screenplay.Actor.should(Actor.java:316)
	at co.com.AutomatizacionParkeatecPage.stepsdefinitions.RegistroParkeatecStepDefinitions.seDebeVerificarQueLaInformacionDelUsuarioHayaSidoRegistradaCorrectamenteYRedirigidoASuPaginaDeInicio(RegistroParkeatecStepDefinitions.java:33)
	at ✽.se debe verificar que la informacion del usuario haya sido registrada correctamente y redirigido a su pagina de inicio.(src/test/resources/features/registro_parkeatec.feature:16)
</pre>
</span>
</div>
</div>
<div id="tab1" class="tab">
<h2>Tests</h2>
<table>
<thead>
<tr>
<th>Test</th>
<th>Duration</th>
<th>Result</th>
</tr>
</thead>
<tr>
<td class="failures">registrar de manera exitosa la informacion en la pagina de Parkeatec</td>
<td class="failures">26.885s</td>
<td class="failures">failed</td>
</tr>
</table>
</div>
<div id="tab2" class="tab">
<h2>Standard output</h2>
<span class="code">
<pre>    ?[32mDado ?[0m?[32mque el usuario se encuentra en la pagina de registro de Parkeatec?[0m                                                           ?[90m# RegistroParkeatecStepDefinitions.queElUsuarioSeEncuentraEnLaPaginaDeRegistroDeParkeatec()?[0m
juanSu@gmail.com
prueba dominiojuanSu@gmail.com
    ?[32mCuando ?[0m?[32mingrese la informacion del formulario correctamente?[0m                                                                       ?[90m# RegistroParkeatecStepDefinitions.ingreseLaInformacionDelFormularioCorrectamente(InfoRegistro&gt;)?[0m
    ?[31mEntonces ?[0m?[31mse debe verificar que la informacion del usuario haya sido registrada correctamente y redirigido a su pagina de inicio.?[0m ?[90m# RegistroParkeatecStepDefinitions.seDebeVerificarQueLaInformacionDelUsuarioHayaSidoRegistradaCorrectamenteYRedirigidoASuPaginaDeInicio()?[0m
      ?[31mjava.lang.AssertionError: Expected validacion registro
Expected: is &lt;true&gt;
     but: was &lt;false&gt;
	at net.serenitybdd.screenplay.ErrorTally.throwSummaryExceptionFrom(ErrorTally.java:36)
	at net.serenitybdd.screenplay.ErrorTally.reportAnyErrors(ErrorTally.java:30)
	at net.serenitybdd.screenplay.Actor.should(Actor.java:316)
	at co.com.AutomatizacionParkeatecPage.stepsdefinitions.RegistroParkeatecStepDefinitions.seDebeVerificarQueLaInformacionDelUsuarioHayaSidoRegistradaCorrectamenteYRedirigidoASuPaginaDeInicio(RegistroParkeatecStepDefinitions.java:33)
	at ?.se debe verificar que la informacion del usuario haya sido registrada correctamente y redirigido a su pagina de inicio.(src/test/resources/features/registro_parkeatec.feature:16)
?[0m
</pre>
</span>
</div>
<div id="tab3" class="tab">
<h2>Standard error</h2>
<span class="code">
<pre>jul. 08, 2025 12:14:33 P. M. org.openqa.selenium.remote.DesiredCapabilities chrome
INFO: Using `new ChromeOptions()` is preferred to `DesiredCapabilities.chrome()`
[Test worker] INFO net.serenitybdd.core.webdriver.driverproviders.ProvideNewDriver - Instantiating driver
[Test worker] INFO net.serenitybdd.core.webdriver.driverproviders.ProvideNewDriver - Driver capabilities: Capabilities {acceptInsecureCerts: false, browserName: chrome, goog:chromeOptions: {args: [], extensions: [], prefs: {behavior: allow}}, loggingPrefs: org.openqa.selenium.logging..., name: proyecto, platform: ANY, unhandledPromptBehavior: ignore, version: }
Starting ChromeDriver 138.0.7204.2 (38bf96e18636e2404cd3367ae67135175deef35f-refs/branch-heads/7204@{#5}) on port 3761
Only local connections are allowed.
Please see https://chromedriver.chromium.org/security-considerations for suggestions on keeping ChromeDriver safe.
ChromeDriver was started successfully on port 3761.
jul. 08, 2025 12:14:35 P. M. org.openqa.selenium.remote.ProtocolHandshake createSession
INFO: Detected dialect: W3C
[Test worker] ERROR net.thucydides.core.steps.ConsoleLoggingListener - 
           __  _____ _____ ____ _____   _____ _    ___ _     _____ ____  
  _       / / |_   _| ____/ ___|_   _| |  ___/ \  |_ _| |   | ____|  _ \ 
 (_)_____| |    | | |  _| \___ \ | |   | |_ / _ \  | || |   |  _| | | | |
  _|_____| |    | | | |___ ___) || |   |  _/ ___ \ | || |___| |___| |_| |
 (_)     | |    |_| |_____|____/ |_|   |_|/_/   \_\___|_____|_____|____/ 
          \_\                                                            

TEST FAILED: registrar de manera exitosa la informacion en la pagina de Parkeatec
--------------------------------------------------------------------------
[Test worker] ERROR net.thucydides.core.steps.ConsoleLoggingListener - TEST FAILED AT STEP Then validacion registro
[Test worker] ERROR net.thucydides.core.steps.ConsoleLoggingListener - Expected validacion registroExpected: is &lt;true&gt; but: was &lt;false&gt;
</pre>
</span>
</div>
</div>
<div id="footer">
<p>
<div>
<label class="hidden" id="label-for-line-wrapping-toggle" for="line-wrapping-toggle">Wrap lines
<input id="line-wrapping-toggle" type="checkbox" autocomplete="off"/>
</label>
</div>Generated by 
<a href="http://www.gradle.org">Gradle 7.4</a> at 8/07/2025, 12:15:38 p. m.</p>
</div>
</div>
</body>
</html>
