<?xml version="1.0" encoding="UTF-8"?>
<testsuite name="registro en la pagina de Parkeatec" tests="1" skipped="0" failures="1" errors="0" timestamp="2025-07-08T17:14:32" hostname="LBOG0551" time="26.885">
  <properties/>
  <testcase name="registrar de manera exitosa la informacion en la pagina de Parkeatec" classname="registro en la pagina de Parkeatec" time="26.885">
    <failure message="java.lang.AssertionError: Expected validacion registro&#13;&#10;Expected: is &lt;true&gt;&#13;&#10;     but: was &lt;false&gt;" type="java.lang.AssertionError">java.lang.AssertionError: Expected validacion registro
Expected: is &lt;true&gt;
     but: was &lt;false&gt;
	at net.serenitybdd.screenplay.ErrorTally.throwSummaryExceptionFrom(ErrorTally.java:36)
	at net.serenitybdd.screenplay.ErrorTally.reportAnyErrors(ErrorTally.java:30)
	at net.serenitybdd.screenplay.Actor.should(Actor.java:316)
	at co.com.AutomatizacionParkeatecPage.stepsdefinitions.RegistroParkeatecStepDefinitions.seDebeVerificarQueLaInformacionDelUsuarioHayaSidoRegistradaCorrectamenteYRedirigidoASuPaginaDeInicio(RegistroParkeatecStepDefinitions.java:33)
	at ✽.se debe verificar que la informacion del usuario haya sido registrada correctamente y redirigido a su pagina de inicio.(src/test/resources/features/registro_parkeatec.feature:16)
</failure>
  </testcase>
  <system-out><![CDATA[    ?[32mDado ?[0m?[32mque el usuario se encuentra en la pagina de registro de Parkeatec?[0m                                                           ?[90m# RegistroParkeatecStepDefinitions.queElUsuarioSeEncuentraEnLaPaginaDeRegistroDeParkeatec()?[0m
juanSu@gmail.com
prueba dominiojuanSu@gmail.com
    ?[32mCuando ?[0m?[32mingrese la informacion del formulario correctamente?[0m                                                                       ?[90m# RegistroParkeatecStepDefinitions.ingreseLaInformacionDelFormularioCorrectamente(InfoRegistro>)?[0m
    ?[31mEntonces ?[0m?[31mse debe verificar que la informacion del usuario haya sido registrada correctamente y redirigido a su pagina de inicio.?[0m ?[90m# RegistroParkeatecStepDefinitions.seDebeVerificarQueLaInformacionDelUsuarioHayaSidoRegistradaCorrectamenteYRedirigidoASuPaginaDeInicio()?[0m
      ?[31mjava.lang.AssertionError: Expected validacion registro
Expected: is <true>
     but: was <false>
	at net.serenitybdd.screenplay.ErrorTally.throwSummaryExceptionFrom(ErrorTally.java:36)
	at net.serenitybdd.screenplay.ErrorTally.reportAnyErrors(ErrorTally.java:30)
	at net.serenitybdd.screenplay.Actor.should(Actor.java:316)
	at co.com.AutomatizacionParkeatecPage.stepsdefinitions.RegistroParkeatecStepDefinitions.seDebeVerificarQueLaInformacionDelUsuarioHayaSidoRegistradaCorrectamenteYRedirigidoASuPaginaDeInicio(RegistroParkeatecStepDefinitions.java:33)
	at ?.se debe verificar que la informacion del usuario haya sido registrada correctamente y redirigido a su pagina de inicio.(src/test/resources/features/registro_parkeatec.feature:16)
?[0m
]]></system-out>
  <system-err><![CDATA[jul. 08, 2025 12:14:33 P. M. org.openqa.selenium.remote.DesiredCapabilities chrome
INFO: Using `new ChromeOptions()` is preferred to `DesiredCapabilities.chrome()`
[Test worker] INFO net.serenitybdd.core.webdriver.driverproviders.ProvideNewDriver - Instantiating driver
[Test worker] INFO net.serenitybdd.core.webdriver.driverproviders.ProvideNewDriver - Driver capabilities: Capabilities {acceptInsecureCerts: false, browserName: chrome, goog:chromeOptions: {args: [], extensions: [], prefs: {behavior: allow}}, loggingPrefs: org.openqa.selenium.logging..., name: proyecto, platform: ANY, unhandledPromptBehavior: ignore, version: }
Starting ChromeDriver 138.0.7204.2 (38bf96e18636e2404cd3367ae67135175deef35f-refs/branch-heads/7204@{#5}) on port 3761
Only local connections are allowed.
Please see https://chromedriver.chromium.org/security-considerations for suggestions on keeping ChromeDriver safe.
ChromeDriver was started successfully on port 3761.
jul. 08, 2025 12:14:35 P. M. org.openqa.selenium.remote.ProtocolHandshake createSession
INFO: Detected dialect: W3C
[Test worker] ERROR net.thucydides.core.steps.ConsoleLoggingListener - 
           __  _____ _____ ____ _____   _____ _    ___ _     _____ ____  
  _       / / |_   _| ____/ ___|_   _| |  ___/ \  |_ _| |   | ____|  _ \ 
 (_)_____| |    | | |  _| \___ \ | |   | |_ / _ \  | || |   |  _| | | | |
  _|_____| |    | | | |___ ___) || |   |  _/ ___ \ | || |___| |___| |_| |
 (_)     | |    |_| |_____|____/ |_|   |_|/_/   \_\___|_____|_____|____/ 
          \_\                                                            

TEST FAILED: registrar de manera exitosa la informacion en la pagina de Parkeatec
--------------------------------------------------------------------------
[Test worker] ERROR net.thucydides.core.steps.ConsoleLoggingListener - TEST FAILED AT STEP Then validacion registro
[Test worker] ERROR net.thucydides.core.steps.ConsoleLoggingListener - Expected validacion registroExpected: is <true> but: was <false>
]]></system-err>
</testsuite>
