<?xml version="1.0" encoding="UTF-8"?>
<testsuite name="ver los espacios de parqueadero en la pagina de Parkeatec" tests="1" skipped="0" failures="1" errors="0" timestamp="2025-06-03T17:33:08" hostname="COMPUGHOST-D4K7" time="9.33">
  <properties/>
  <testcase name="visualizar exitosamente los espacios del parqueadero" classname="ver los espacios de parqueadero en la pagina de Parkeatec" time="9.33">
    <failure message="java.lang.AssertionError: Expected validacion espacios&#13;&#10;Expected: is &lt;true&gt;&#13;&#10;     but: was &lt;false&gt;" type="java.lang.AssertionError">java.lang.AssertionError: Expected validacion espacios
Expected: is &lt;true&gt;
     but: was &lt;false&gt;
	at net.serenitybdd.screenplay.ErrorTally.throwSummaryExceptionFrom(ErrorTally.java:36)
	at net.serenitybdd.screenplay.ErrorTally.reportAnyErrors(ErrorTally.java:30)
	at net.serenitybdd.screenplay.Actor.should(Actor.java:316)
	at co.com.AutomatizacionParkeatecPage.stepsdefinitions.VerEspaciosParkeatecStepsDefinitions.seDebeVisualizarTodosLosEspaciosOcupadosODisponiblesDelParqueadero(VerEspaciosParkeatecStepsDefinitions.java:21)
	at ✽.se debe visualizar todos los espacios ocupados o disponibles del parqueadero(src/test/resources/features/verEspacios_parkeatec.feature:19)
</failure>
  </testcase>
  <system-out><![CDATA[]]></system-out>
  <system-err><![CDATA[jun. 03, 2025 12:33:09 P. M. org.openqa.selenium.remote.DesiredCapabilities chrome
INFO: Using `new ChromeOptions()` is preferred to `DesiredCapabilities.chrome()`
[Test worker] INFO net.serenitybdd.core.webdriver.driverproviders.ProvideNewDriver - Instantiating driver
[Test worker] INFO net.serenitybdd.core.webdriver.driverproviders.ProvideNewDriver - Driver capabilities: Capabilities {acceptInsecureCerts: false, browserName: chrome, goog:chromeOptions: {args: [], extensions: [], prefs: {behavior: allow}}, loggingPrefs: org.openqa.selenium.logging..., name: proyecto, platform: ANY, unhandledPromptBehavior: ignore, version: }
Starting ChromeDriver 136.0.7103.94 (fa0be0b33debeb378a8e6ad9c599be34e2dc3b37-refs/branch-heads/7103@{#1842}) on port 28966
Only local connections are allowed.
Please see https://chromedriver.chromium.org/security-considerations for suggestions on keeping ChromeDriver safe.
ChromeDriver was started successfully on port 28966.
jun. 03, 2025 12:33:11 P. M. org.openqa.selenium.remote.ProtocolHandshake createSession
INFO: Detected dialect: W3C
[Test worker] ERROR net.thucydides.core.steps.ConsoleLoggingListener - 
           __  _____ _____ ____ _____   _____ _    ___ _     _____ ____  
  _       / / |_   _| ____/ ___|_   _| |  ___/ \  |_ _| |   | ____|  _ \ 
 (_)_____| |    | | |  _| \___ \ | |   | |_ / _ \  | || |   |  _| | | | |
  _|_____| |    | | | |___ ___) || |   |  _/ ___ \ | || |___| |___| |_| |
 (_)     | |    |_| |_____|____/ |_|   |_|/_/   \_\___|_____|_____|____/ 
          \_\                                                            

TEST FAILED: visualizar exitosamente los espacios del parqueadero
--------------------------------------------------------------------------
[Test worker] ERROR net.thucydides.core.steps.ConsoleLoggingListener - TEST FAILED AT STEP Then validacion espacios
[Test worker] ERROR net.thucydides.core.steps.ConsoleLoggingListener - Expected validacion espaciosExpected: is <true> but: was <false>
]]></system-err>
</testsuite>
