<?xml version="1.0" encoding="UTF-8"?>
<testsuite name="Realizar el registro de un usuario" tests="1" skipped="0" failures="1" errors="0" timestamp="2025-06-18T21:01:12" hostname="COMPUGHOST-D4K7" time="6.358">
  <properties/>
  <testcase name="Hacer el registro de nuevos usuarios" classname="Realizar el registro de un usuario" time="6.358">
    <failure message="java.lang.NullPointerException: Cannot invoke &quot;Object.getClass()&quot; because &quot;target&quot; is null" type="java.lang.NullPointerException">java.lang.NullPointerException: Cannot invoke &quot;Object.getClass()&quot; because &quot;target&quot; is null
	at net.serenitybdd.core.injectors.EnvironmentDependencyInjector.matchingFieldsIn(EnvironmentDependencyInjector.java:88)
	at net.serenitybdd.core.injectors.EnvironmentDependencyInjector.injectDependenciesInto(EnvironmentDependencyInjector.java:32)
	at net.thucydides.core.steps.PageObjectDependencyInjector.injectDependenciesInto(PageObjectDependencyInjector.java:28)
	at net.thucydides.core.steps.StepFactory.injectOtherDependenciesInto(StepFactory.java:181)
	at net.thucydides.core.steps.StepFactory.instantiateUniqueStepLibraryFor(StepFactory.java:198)
	at net.thucydides.core.steps.StepFactory.getUniqueStepLibraryFor(StepFactory.java:130)
	at net.serenitybdd.core.steps.Instrumented$InstrumentedBuilder.newInstance(Instrumented.java:30)
	at net.serenitybdd.core.steps.Instrumented$InstrumentedBuilder.withProperties(Instrumented.java:34)
	at co.com.AutomatizacionParkeatecPage.tasks.AgregarUsuario.aute(AgregarUsuario.java:32)
	at co.com.AutomatizacionParkeatecPage.stepsdefinitions.AgregarUsuarioParkeatecStepDefinitions.ingreseAlApartdoDeVerUsuariosYLleneElFormularioDeCrearUsuario(AgregarUsuarioParkeatecStepDefinitions.java:19)
	at ✽.ingrese al apartdo de ver usuarios y llene el formulario de crear usuario(src/test/resources/features/agregarUsuario_parkeatec.feature:18)
</failure>
  </testcase>
  <system-out><![CDATA[    ?[32mDado ?[0m?[32mque el administrador se encuentre en la pagina de parkeatec?[0m ?[90m# AutenticacionAdminParkeatecStepDefinitions.queElAdministradorSeEncuentreEnLaPaginaDeParkeatec()?[0m
    ?[32mCuando ?[0m?[32mingrese sus credenciales?[0m                                  ?[90m# AutenticacionAdminParkeatecStepDefinitions.ingreseSusCredenciales(CredencialesInicioSesion>)?[0m

  @agregarUsuario
  Esquema del escenario: Hacer el registro de nuevos usuarios                                    ?[90m# src/test/resources/features/agregarUsuario_parkeatec.feature:25?[0m
    ?[31mCuando ?[0m?[31mingrese al apartdo de ver usuarios y llene el formulario de crear usuario?[0m             ?[90m# AgregarUsuarioParkeatecStepDefinitions.ingreseAlApartdoDeVerUsuariosYLleneElFormularioDeCrearUsuario(InfoUsuario>)?[0m
      ?[31mjava.lang.NullPointerException: Cannot invoke "Object.getClass()" because "target" is null
	at net.serenitybdd.core.injectors.EnvironmentDependencyInjector.matchingFieldsIn(EnvironmentDependencyInjector.java:88)
	at net.serenitybdd.core.injectors.EnvironmentDependencyInjector.injectDependenciesInto(EnvironmentDependencyInjector.java:32)
	at net.thucydides.core.steps.PageObjectDependencyInjector.injectDependenciesInto(PageObjectDependencyInjector.java:28)
	at net.thucydides.core.steps.StepFactory.injectOtherDependenciesInto(StepFactory.java:181)
	at net.thucydides.core.steps.StepFactory.instantiateUniqueStepLibraryFor(StepFactory.java:198)
	at net.thucydides.core.steps.StepFactory.getUniqueStepLibraryFor(StepFactory.java:130)
	at net.serenitybdd.core.steps.Instrumented$InstrumentedBuilder.newInstance(Instrumented.java:30)
	at net.serenitybdd.core.steps.Instrumented$InstrumentedBuilder.withProperties(Instrumented.java:34)
	at co.com.AutomatizacionParkeatecPage.tasks.AgregarUsuario.aute(AgregarUsuario.java:32)
	at co.com.AutomatizacionParkeatecPage.stepsdefinitions.AgregarUsuarioParkeatecStepDefinitions.ingreseAlApartdoDeVerUsuariosYLleneElFormularioDeCrearUsuario(AgregarUsuarioParkeatecStepDefinitions.java:19)
	at ?.ingrese al apartdo de ver usuarios y llene el formulario de crear usuario(src/test/resources/features/agregarUsuario_parkeatec.feature:18)
?[0m
    ?[36mEntonces ?[0m?[36mse debe registrar la informacion del usuario y visualizarse en la tabla de usuarios?[0m ?[90m# AgregarUsuarioParkeatecStepDefinitions.seDebeRegistrarLaInformacionDelUsuarioYVisualizarseEnLaTablaDeUsuarios()?[0m
]]></system-out>
  <system-err><![CDATA[jun. 18, 2025 4:01:12 P. M. org.openqa.selenium.remote.DesiredCapabilities chrome
INFO: Using `new ChromeOptions()` is preferred to `DesiredCapabilities.chrome()`
[Test worker] INFO net.serenitybdd.core.webdriver.driverproviders.ProvideNewDriver - Instantiating driver
[Test worker] INFO net.serenitybdd.core.webdriver.driverproviders.ProvideNewDriver - Driver capabilities: Capabilities {acceptInsecureCerts: false, browserName: chrome, goog:chromeOptions: {args: [], extensions: [], prefs: {behavior: allow}}, loggingPrefs: org.openqa.selenium.logging..., name: proyecto, platform: ANY, unhandledPromptBehavior: ignore, version: }
Starting ChromeDriver 136.0.7103.94 (fa0be0b33debeb378a8e6ad9c599be34e2dc3b37-refs/branch-heads/7103@{#1842}) on port 20241
Only local connections are allowed.
Please see https://chromedriver.chromium.org/security-considerations for suggestions on keeping ChromeDriver safe.
ChromeDriver was started successfully on port 20241.
[1750280474.652][WARNING]: This version of ChromeDriver has not been tested with Chrome version 137.
jun. 18, 2025 4:01:14 P. M. org.openqa.selenium.remote.ProtocolHandshake createSession
INFO: Detected dialect: W3C
[Test worker] ERROR net.thucydides.core.steps.StepFactory - Cannot create StepFactory for  class co.com.AutomatizacionParkeatecPage.tasks.AgregarUsuario
java.lang.reflect.InvocationTargetException
	at java.base/jdk.internal.reflect.NativeConstructorAccessorImpl.newInstance0(Native Method)
	at java.base/jdk.internal.reflect.NativeConstructorAccessorImpl.newInstance(NativeConstructorAccessorImpl.java:64)
	at java.base/jdk.internal.reflect.DelegatingConstructorAccessorImpl.newInstance(DelegatingConstructorAccessorImpl.java:45)
	at java.base/java.lang.reflect.Constructor.newInstanceWithCaller(Constructor.java:500)
	at java.base/java.lang.reflect.Constructor.newInstance(Constructor.java:481)
	at net.thucydides.core.steps.StepFactory.immutableStepLibrary(StepFactory.java:259)
	at net.thucydides.core.steps.StepFactory.createProxyStepLibrary(StepFactory.java:223)
	at net.thucydides.core.steps.StepFactory.instantiateUniqueStepLibraryFor(StepFactory.java:194)
	at net.thucydides.core.steps.StepFactory.getUniqueStepLibraryFor(StepFactory.java:130)
	at net.serenitybdd.core.steps.Instrumented$InstrumentedBuilder.newInstance(Instrumented.java:30)
	at net.serenitybdd.core.steps.Instrumented$InstrumentedBuilder.withProperties(Instrumented.java:34)
	at co.com.AutomatizacionParkeatecPage.tasks.AgregarUsuario.aute(AgregarUsuario.java:32)
	at co.com.AutomatizacionParkeatecPage.stepsdefinitions.AgregarUsuarioParkeatecStepDefinitions.ingreseAlApartdoDeVerUsuariosYLleneElFormularioDeCrearUsuario(AgregarUsuarioParkeatecStepDefinitions.java:19)
	at java.base/jdk.internal.reflect.NativeMethodAccessorImpl.invoke0(Native Method)
	at java.base/jdk.internal.reflect.NativeMethodAccessorImpl.invoke(NativeMethodAccessorImpl.java:64)
	at java.base/jdk.internal.reflect.DelegatingMethodAccessorImpl.invoke(DelegatingMethodAccessorImpl.java:43)
	at java.base/java.lang.reflect.Method.invoke(Method.java:564)
	at cucumber.runtime.Utils$1.call(Utils.java:31)
	at cucumber.runtime.Timeout.timeout(Timeout.java:16)
	at cucumber.runtime.Utils.invoke(Utils.java:25)
	at cucumber.runtime.java.JavaStepDefinition.execute(JavaStepDefinition.java:37)
	at cucumber.runtime.StepDefinitionMatch.runStep(StepDefinitionMatch.java:40)
	at cucumber.api.TestStep.executeStep(TestStep.java:102)
	at cucumber.api.TestStep.run(TestStep.java:83)
	at cucumber.api.TestCase.run(TestCase.java:58)
	at cucumber.runner.Runner.runPickle(Runner.java:80)
	at cucumber.runtime.junit.PickleRunners$NoStepDescriptions.run(PickleRunners.java:140)
	at cucumber.runtime.junit.FeatureRunner.runChild(FeatureRunner.java:68)
	at cucumber.runtime.junit.FeatureRunner.runChild(FeatureRunner.java:23)
	at org.junit.runners.ParentRunner$3.run(ParentRunner.java:290)
	at org.junit.runners.ParentRunner$1.schedule(ParentRunner.java:71)
	at org.junit.runners.ParentRunner.runChildren(ParentRunner.java:288)
	at org.junit.runners.ParentRunner.access$000(ParentRunner.java:58)
	at org.junit.runners.ParentRunner$2.evaluate(ParentRunner.java:268)
	at org.junit.runners.ParentRunner.run(ParentRunner.java:363)
	at cucumber.runtime.junit.FeatureRunner.run(FeatureRunner.java:73)
	at cucumber.api.junit.Cucumber.runChild(Cucumber.java:118)
	at cucumber.api.junit.Cucumber.runChild(Cucumber.java:56)
	at org.junit.runners.ParentRunner$3.run(ParentRunner.java:290)
	at org.junit.runners.ParentRunner$1.schedule(ParentRunner.java:71)
	at org.junit.runners.ParentRunner.runChildren(ParentRunner.java:288)
	at org.junit.runners.ParentRunner.access$000(ParentRunner.java:58)
	at org.junit.runners.ParentRunner$2.evaluate(ParentRunner.java:268)
	at cucumber.api.junit.Cucumber$1.evaluate(Cucumber.java:127)
	at org.junit.runners.ParentRunner.run(ParentRunner.java:363)
	at org.gradle.api.internal.tasks.testing.junit.JUnitTestClassExecutor.runTestClass(JUnitTestClassExecutor.java:110)
	at org.gradle.api.internal.tasks.testing.junit.JUnitTestClassExecutor.execute(JUnitTestClassExecutor.java:58)
	at org.gradle.api.internal.tasks.testing.junit.JUnitTestClassExecutor.execute(JUnitTestClassExecutor.java:38)
	at org.gradle.api.internal.tasks.testing.junit.AbstractJUnitTestClassProcessor.processTestClass(AbstractJUnitTestClassProcessor.java:62)
	at org.gradle.api.internal.tasks.testing.SuiteTestClassProcessor.processTestClass(SuiteTestClassProcessor.java:51)
	at java.base/jdk.internal.reflect.NativeMethodAccessorImpl.invoke0(Native Method)
	at java.base/jdk.internal.reflect.NativeMethodAccessorImpl.invoke(NativeMethodAccessorImpl.java:64)
	at java.base/jdk.internal.reflect.DelegatingMethodAccessorImpl.invoke(DelegatingMethodAccessorImpl.java:43)
	at java.base/java.lang.reflect.Method.invoke(Method.java:564)
	at org.gradle.internal.dispatch.ReflectionDispatch.dispatch(ReflectionDispatch.java:36)
	at org.gradle.internal.dispatch.ReflectionDispatch.dispatch(ReflectionDispatch.java:24)
	at org.gradle.internal.dispatch.ContextClassLoaderDispatch.dispatch(ContextClassLoaderDispatch.java:33)
	at org.gradle.internal.dispatch.ProxyDispatchAdapter$DispatchingInvocationHandler.invoke(ProxyDispatchAdapter.java:94)
	at com.sun.proxy.$Proxy2.processTestClass(Unknown Source)
	at org.gradle.api.internal.tasks.testing.worker.TestWorker$2.run(TestWorker.java:176)
	at org.gradle.api.internal.tasks.testing.worker.TestWorker.executeAndMaintainThreadName(TestWorker.java:129)
	at org.gradle.api.internal.tasks.testing.worker.TestWorker.execute(TestWorker.java:100)
	at org.gradle.api.internal.tasks.testing.worker.TestWorker.execute(TestWorker.java:60)
	at org.gradle.process.internal.worker.child.ActionExecutionWorker.execute(ActionExecutionWorker.java:56)
	at org.gradle.process.internal.worker.child.SystemApplicationClassLoaderWorker.call(SystemApplicationClassLoaderWorker.java:133)
	at org.gradle.process.internal.worker.child.SystemApplicationClassLoaderWorker.call(SystemApplicationClassLoaderWorker.java:71)
	at worker.org.gradle.process.internal.worker.GradleWorkerMain.run(GradleWorkerMain.java:69)
	at worker.org.gradle.process.internal.worker.GradleWorkerMain.main(GradleWorkerMain.java:74)
Caused by: java.lang.NullPointerException: Cannot invoke "java.util.List.get(int)" because "this.info" is null
	at co.com.AutomatizacionParkeatecPage.tasks.AgregarUsuario.<init>(AgregarUsuario.java:43)
	at co.com.AutomatizacionParkeatecPage.tasks.AgregarUsuario$ByteBuddy$PF9pXVYc.<init>(Unknown Source)
	... 68 more
[Test worker] ERROR net.thucydides.core.steps.ConsoleLoggingListener - 
           __  _____ _____ ____ _____   _____ _    ___ _     _____ ____  
  _       / / |_   _| ____/ ___|_   _| |  ___/ \  |_ _| |   | ____|  _ \ 
 (_)_____| |    | | |  _| \___ \ | |   | |_ / _ \  | || |   |  _| | | | |
  _|_____| |    | | | |___ ___) || |   |  _/ ___ \ | || |___| |___| |_| |
 (_)     | |    |_| |_____|____/ |_|   |_|/_/   \_\___|_____|_____|____/ 
          \_\                                                            

TEST FAILED WITH ERROR: Hacer el registro de nuevos usuarios
---------------------------------------------------------------------
[Test worker] ERROR net.thucydides.core.steps.ConsoleLoggingListener - TEST FAILED AT STEP Cuando ingrese al apartdo de ver usuarios y llene el formulario de crear usuario | documento | nombre | apellido | telefono | direccion | correo | password | centro_formacion | | 89888548 | andres | perez | 3000000000 | carrera 103 #73-51 | andres | Andres123# | CEET |
[Test worker] ERROR net.thucydides.core.steps.ConsoleLoggingListener - Cannot invoke "Object.getClass()" because "target" is null
]]></system-err>
</testsuite>
